<?xml version="1.0" encoding="UTF-8"?>
<!-- Generated by org.testng.reporters.JUnitReportReporter -->
<testsuite hostname="LAPTOP-KD0SJS9V" failures="0" tests="1" name="com.goodread.goodreadendtoend.GoodReadTrail" time="23.714" errors="0" timestamp="2023-07-13T00:35:03 IST" skipped="0">
  <testcase classname="com.goodread.goodreadendtoend.GoodReadTrail" name="selectAndRemoveBookFromList" time="23.714"/>
  <system-out/>
</testsuite> <!-- com.goodread.goodreadendtoend.GoodReadTrail -->
